<?xml version="1.0" encoding="UTF-8"?>
<!-- Generated by org.testng.reporters.JUnitReportReporter -->
<testsuite hostname="ACCJAGAMOTDELL" name="com.skilledmonster.example.TestNGAnnotationBeforeClassExample" tests="2" failures="0" timestamp="1 Sep 2013 18:13:26 GMT" time="0.006" errors="0">
  <testcase name="validateDifference" time="0.005" classname="com.skilledmonster.example.TestNGAnnotationBeforeClassExample"/>
  <testcase name="validateSum" time="0.001" classname="com.skilledmonster.example.TestNGAnnotationBeforeClassExample"/>
</testsuite> <!-- com.skilledmonster.example.TestNGAnnotationBeforeClassExample -->
