<?xml version="1.0" encoding="UTF-8"?>
<!-- Generated by org.testng.reporters.JUnitReportReporter -->
<testsuite hostname="ACCJAGAMOTDELL" name="com.skilledmonster.example.TestNGAnnotationTestExample" tests="4" failures="0" timestamp="1 Sep 2013 20:04:08 GMT" time="0.007" errors="0">
  <testcase name="testDiv" time="0.005" classname="com.skilledmonster.example.TestNGAnnotationTestExample"/>
  <testcase name="testSum" time="0.001" classname="com.skilledmonster.example.TestNGAnnotationTestExample"/>
  <testcase name="testMultiple" time="0.001" classname="com.skilledmonster.example.TestNGAnnotationTestExample"/>
  <testcase name="testSub" time="0.000" classname="com.skilledmonster.example.TestNGAnnotationTestExample"/>
</testsuite> <!-- com.skilledmonster.example.TestNGAnnotationTestExample -->
