<?xml version="1.0" encoding="UTF-8"?>
<!-- Generated by org.testng.reporters.JUnitReportReporter -->
<testsuite hostname="ACCJAGAMOTDELL" name="com.skilledmonster.example.TestNGAnnotationTestDataProviderExample" tests="6" failures="0" timestamp="1 Sep 2013 21:52:21 GMT" time="0.008" errors="0">
  <testcase name="testSum" time="0.001" classname="com.skilledmonster.example.TestNGAnnotationTestDataProviderExample"/>
  <testcase name="testMultiple" time="0.006" classname="com.skilledmonster.example.TestNGAnnotationTestDataProviderExample"/>
  <testcase name="testMultiple" time="0.000" classname="com.skilledmonster.example.TestNGAnnotationTestDataProviderExample"/>
  <testcase name="testSum" time="0.001" classname="com.skilledmonster.example.TestNGAnnotationTestDataProviderExample"/>
  <testcase name="testSum" time="0.000" classname="com.skilledmonster.example.TestNGAnnotationTestDataProviderExample"/>
  <testcase name="testMultiple" time="0.000" classname="com.skilledmonster.example.TestNGAnnotationTestDataProviderExample"/>
</testsuite> <!-- com.skilledmonster.example.TestNGAnnotationTestDataProviderExample -->
