<?xml version="1.0" encoding="UTF-8"?>
<!-- Generated by org.testng.reporters.JUnitReportReporter -->
<testsuite hostname="ACCJAGAMOTDELL" name="com.skilledmonster.example.TestNGAnnotationAfterClassExample" tests="2" failures="0" timestamp="1 Sep 2013 18:13:05 GMT" time="0.011" errors="0">
  <testcase name="validateDifference" time="0.011" classname="com.skilledmonster.example.TestNGAnnotationAfterClassExample"/>
  <testcase name="validateSum" time="0.000" classname="com.skilledmonster.example.TestNGAnnotationAfterClassExample"/>
</testsuite> <!-- com.skilledmonster.example.TestNGAnnotationAfterClassExample -->
