<?xml version="1.0" encoding="UTF-8"?>
<!-- Generated by org.testng.reporters.JUnitReportReporter -->
<testsuite hostname="ACCJAGAMOTDELL" name="com.skilledmonster.example.TestNGAnnotationBeforeClassExample" tests="2" failures="0" timestamp="30 Aug 2013 23:01:12 GMT" time="0.012" errors="0">
  <testcase name="validateDifference" time="0.011" classname="com.skilledmonster.example.TestNGAnnotationBeforeClassExample"/>
  <testcase name="validateSum" time="0.001" classname="com.skilledmonster.example.TestNGAnnotationBeforeClassExample"/>
</testsuite> <!-- com.skilledmonster.example.TestNGAnnotationBeforeClassExample -->
