<?xml version="1.0" encoding="UTF-8"?>
<!-- Generated by org.testng.reporters.JUnitReportReporter -->
<testsuite hostname="ACCJAGAMOTDELL" name="com.skilledmonster.example.InheritedDependencyTest" tests="3" failures="0" timestamp="7 Sep 2013 20:09:42 GMT" time="0.010" errors="0">
  <testcase name="start" time="0.008" classname="com.skilledmonster.example.InheritedDependencyTest"/>
  <testcase name="process" time="0.001" classname="com.skilledmonster.example.InheritedDependencyTest"/>
  <testcase name="stop" time="0.001" classname="com.skilledmonster.example.InheritedDependencyTest"/>
</testsuite> <!-- com.skilledmonster.example.InheritedDependencyTest -->
