<?xml version="1.0" encoding="UTF-8"?>
<!-- Generated by org.testng.reporters.JUnitReportReporter -->
<testsuite hostname="ACCJAGAMOTDELL" name="com.skilledmonster.example.SingleDependencyTest" tests="3" failures="0" timestamp="7 Sep 2013 19:47:20 GMT" time="0.013" errors="0">
  <testcase name="stop" time="0.001" classname="com.skilledmonster.example.SingleDependencyTest"/>
  <testcase name="process" time="0.001" classname="com.skilledmonster.example.SingleDependencyTest"/>
  <testcase name="init" time="0.011" classname="com.skilledmonster.example.SingleDependencyTest"/>
</testsuite> <!-- com.skilledmonster.example.SingleDependencyTest -->
